Sun Sep 20 2020 11:51:49 GMT+0530 (India Standard Time): GET  /
Sun Sep 20 2020 11:52:10 GMT+0530 (India Standard Time): GET  /
Sun Sep 20 2020 11:52:11 GMT+0530 (India Standard Time): GET  /favicon.ico
Sun Sep 20 2020 11:52:12 GMT+0530 (India Standard Time): GET  /
Sun Sep 20 2020 11:52:24 GMT+0530 (India Standard Time): GET  /
Sun Sep 20 2020 11:52:25 GMT+0530 (India Standard Time): GET  /
Sun Sep 20 2020 11:53:05 GMT+0530 (India Standard Time): GET  /
Sun Sep 20 2020 11:53:09 GMT+0530 (India Standard Time): GET  /test
Sun Sep 20 2020 16:08:50 GMT+0530 (India Standard Time): GET  /
Sun Sep 20 2020 16:08:50 GMT+0530 (India Standard Time): GET  /favicon.ico
Sun Sep 20 2020 16:38:59 GMT+0530 (India Standard Time): GET  /
Sun Sep 20 2020 16:39:07 GMT+0530 (India Standard Time): GET  /write
Mon Sep 21 2020 16:44:19 GMT+0530 (India Standard Time): GET  /test
Mon Sep 21 2020 16:44:24 GMT+0530 (India Standard Time): GET  /testing
Mon Sep 21 2020 16:44:24 GMT+0530 (India Standard Time): GET  /favicon.ico
Mon Sep 21 2020 16:44:45 GMT+0530 (India Standard Time): GET  /write
Mon Sep 21 2020 16:46:35 GMT+0530 (India Standard Time): GET  /testing
Mon Sep 21 2020 16:47:58 GMT+0530 (India Standard Time): GET  /testing
Mon Sep 21 2020 16:48:33 GMT+0530 (India Standard Time): GET  /testing
Mon Sep 21 2020 16:52:33 GMT+0530 (India Standard Time): GET  /testing
Mon Sep 21 2020 16:52:45 GMT+0530 (India Standard Time): GET  /writing
Mon Sep 21 2020 16:52:54 GMT+0530 (India Standard Time): POST  /writing
Mon Sep 21 2020 16:53:06 GMT+0530 (India Standard Time): POST  /write
Mon Sep 21 2020 16:53:13 GMT+0530 (India Standard Time): GET  /write
Mon Sep 21 2020 16:55:17 GMT+0530 (India Standard Time): POST  /send-history
Mon Sep 21 2020 16:55:34 GMT+0530 (India Standard Time): POST  /send-history
Mon Sep 21 2020 16:56:45 GMT+0530 (India Standard Time): POST  /send-history
Wed Sep 23 2020 11:31:08 GMT+0530 (India Standard Time): POST  /testing
Wed Sep 23 2020 11:31:13 GMT+0530 (India Standard Time): GET  /testing
Wed Sep 23 2020 11:31:26 GMT+0530 (India Standard Time): GET  /write
Wed Sep 23 2020 12:11:56 GMT+0530 (India Standard Time): GET  /l
Wed Sep 23 2020 12:12:02 GMT+0530 (India Standard Time): GET  /l
Wed Sep 23 2020 12:12:02 GMT+0530 (India Standard Time): GET  /l
Wed Sep 23 2020 12:12:07 GMT+0530 (India Standard Time): GET  /l
Wed Sep 23 2020 12:12:09 GMT+0530 (India Standard Time): GET  /l
Wed Sep 23 2020 12:12:10 GMT+0530 (India Standard Time): GET  /l
Wed Sep 23 2020 12:12:11 GMT+0530 (India Standard Time): GET  /l
Wed Sep 23 2020 12:27:12 GMT+0530 (India Standard Time): GET  /soij?
Wed Sep 23 2020 12:31:22 GMT+0530 (India Standard Time): GET  /soij?
Wed Sep 23 2020 12:33:31 GMT+0530 (India Standard Time): GET  /soij?
Wed Sep 23 2020 12:33:50 GMT+0530 (India Standard Time): GET  /testing?
Wed Sep 23 2020 12:33:50 GMT+0530 (India Standard Time): GET  /favicon.ico
Wed Sep 23 2020 12:36:26 GMT+0530 (India Standard Time): GET  /testing?
Wed Sep 23 2020 12:36:36 GMT+0530 (India Standard Time): GET  /testing?username=dgdfgfdg&password=dfgdfg
Wed Sep 23 2020 12:36:55 GMT+0530 (India Standard Time): POST  /testing
Wed Sep 23 2020 12:53:05 GMT+0530 (India Standard Time): POST  /login
Wed Sep 23 2020 12:53:05 GMT+0530 (India Standard Time): GET  /login
Wed Sep 23 2020 12:53:28 GMT+0530 (India Standard Time): GET  /login
Wed Sep 23 2020 12:53:48 GMT+0530 (India Standard Time): POST  /login
Wed Sep 23 2020 12:53:57 GMT+0530 (India Standard Time): POST  /login
Wed Sep 23 2020 12:53:57 GMT+0530 (India Standard Time): GET  /login
Wed Sep 23 2020 12:54:58 GMT+0530 (India Standard Time): POST  /login
Wed Sep 23 2020 12:54:58 GMT+0530 (India Standard Time): GET  /authenticate
Wed Sep 23 2020 12:55:25 GMT+0530 (India Standard Time): POST  /login
Wed Sep 23 2020 12:56:08 GMT+0530 (India Standard Time): POST  /login
Wed Sep 23 2020 12:57:34 GMT+0530 (India Standard Time): POST  /login
Wed Sep 23 2020 12:58:50 GMT+0530 (India Standard Time): POST  /login
Wed Sep 23 2020 12:59:33 GMT+0530 (India Standard Time): POST  /login
Wed Sep 23 2020 13:04:54 GMT+0530 (India Standard Time): POST  /login
Wed Sep 23 2020 13:04:54 GMT+0530 (India Standard Time): GET  /testing
Wed Sep 23 2020 13:05:13 GMT+0530 (India Standard Time): GET  /login
Wed Sep 23 2020 13:09:27 GMT+0530 (India Standard Time): POST  /login
Wed Sep 23 2020 13:12:16 GMT+0530 (India Standard Time): POST  /login
Wed Sep 23 2020 13:14:54 GMT+0530 (India Standard Time): POST  /login
Wed Sep 23 2020 13:17:02 GMT+0530 (India Standard Time): POST  /login
Wed Sep 23 2020 13:17:09 GMT+0530 (India Standard Time): POST  /login
Wed Sep 23 2020 16:02:30 GMT+0530 (India Standard Time): GET  /generateCode
Wed Sep 23 2020 16:03:28 GMT+0530 (India Standard Time): GET  /generateCode
Wed Sep 23 2020 16:03:36 GMT+0530 (India Standard Time): POST  /login
Wed Sep 23 2020 16:03:43 GMT+0530 (India Standard Time): POST  /login
Wed Sep 23 2020 16:03:43 GMT+0530 (India Standard Time): GET  /testing
Wed Sep 23 2020 16:03:50 GMT+0530 (India Standard Time): GET  /generateCode
Wed Sep 23 2020 16:04:48 GMT+0530 (India Standard Time): GET  /generateCode
Wed Sep 23 2020 16:05:01 GMT+0530 (India Standard Time): POST  /login
Wed Sep 23 2020 16:05:01 GMT+0530 (India Standard Time): GET  /testing
Wed Sep 23 2020 16:05:04 GMT+0530 (India Standard Time): GET  /generateCode
Wed Sep 23 2020 16:07:34 GMT+0530 (India Standard Time): GET  /generateCode
Wed Sep 23 2020 16:08:03 GMT+0530 (India Standard Time): GET  /generateCode
Wed Sep 23 2020 16:08:13 GMT+0530 (India Standard Time): GET  /generateCode
Wed Sep 23 2020 16:08:26 GMT+0530 (India Standard Time): GET  /generateCode
Wed Sep 23 2020 16:08:27 GMT+0530 (India Standard Time): GET  /generateCode
Wed Sep 23 2020 16:14:54 GMT+0530 (India Standard Time): GET  /generateCode
Wed Sep 23 2020 16:15:04 GMT+0530 (India Standard Time): POST  /login
Wed Sep 23 2020 16:15:04 GMT+0530 (India Standard Time): GET  /testing
Wed Sep 23 2020 16:15:11 GMT+0530 (India Standard Time): GET  /generateCode
Wed Sep 23 2020 16:17:35 GMT+0530 (India Standard Time): POST  /login
Wed Sep 23 2020 16:17:35 GMT+0530 (India Standard Time): GET  /generateCode
Wed Sep 23 2020 16:17:37 GMT+0530 (India Standard Time): GET  /generateCode
Wed Sep 23 2020 16:17:38 GMT+0530 (India Standard Time): GET  /generateCode
Wed Sep 23 2020 16:17:39 GMT+0530 (India Standard Time): GET  /generateCode
Wed Sep 23 2020 16:18:02 GMT+0530 (India Standard Time): GET  /generateCode
Wed Sep 23 2020 16:18:10 GMT+0530 (India Standard Time): POST  /login
Wed Sep 23 2020 16:18:10 GMT+0530 (India Standard Time): GET  /generateCode
Wed Sep 23 2020 16:29:40 GMT+0530 (India Standard Time): GET  /generateCode
Wed Sep 23 2020 16:29:45 GMT+0530 (India Standard Time): GET  /generateCode/dgdfg
Wed Sep 23 2020 16:29:57 GMT+0530 (India Standard Time): GET  /generateCode
Wed Sep 23 2020 16:48:49 GMT+0530 (India Standard Time): GET  /generateCode
Wed Sep 23 2020 16:48:50 GMT+0530 (India Standard Time): GET  /generateCode
Wed Sep 23 2020 16:49:22 GMT+0530 (India Standard Time): GET  /generateCode
Wed Sep 23 2020 16:49:38 GMT+0530 (India Standard Time): GET  /generateCode
Wed Sep 23 2020 16:50:04 GMT+0530 (India Standard Time): GET  /login
Wed Sep 23 2020 16:50:24 GMT+0530 (India Standard Time): POST  /login
Wed Sep 23 2020 16:50:24 GMT+0530 (India Standard Time): GET  /generateCode
Wed Sep 23 2020 16:50:35 GMT+0530 (India Standard Time): GET  /generateCode
Wed Sep 23 2020 16:50:42 GMT+0530 (India Standard Time): GET  /generateCode
Wed Sep 23 2020 16:50:43 GMT+0530 (India Standard Time): GET  /generateCode
Wed Sep 23 2020 16:58:58 GMT+0530 (India Standard Time): POST  /login
Wed Sep 23 2020 16:58:58 GMT+0530 (India Standard Time): GET  /generateCode
Wed Sep 23 2020 16:59:00 GMT+0530 (India Standard Time): GET  /generateCode
Wed Sep 23 2020 16:59:01 GMT+0530 (India Standard Time): GET  /generateCode
Wed Sep 23 2020 16:59:02 GMT+0530 (India Standard Time): GET  /generateCode
Wed Sep 23 2020 16:59:07 GMT+0530 (India Standard Time): GET  /generateCode
Wed Sep 23 2020 17:00:53 GMT+0530 (India Standard Time): GET  /generateCode
Wed Sep 23 2020 17:01:01 GMT+0530 (India Standard Time): GET  /generateCode
Wed Sep 23 2020 17:01:08 GMT+0530 (India Standard Time): POST  /login
Wed Sep 23 2020 17:01:08 GMT+0530 (India Standard Time): GET  /generateCode
Wed Sep 23 2020 17:01:09 GMT+0530 (India Standard Time): GET  /generateCode
Wed Sep 23 2020 17:01:10 GMT+0530 (India Standard Time): GET  /generateCode
Wed Sep 23 2020 17:01:16 GMT+0530 (India Standard Time): GET  /generateCode
Wed Sep 23 2020 17:01:38 GMT+0530 (India Standard Time): GET  /generateCode
Wed Sep 23 2020 17:06:03 GMT+0530 (India Standard Time): GET  /generateCode
Wed Sep 23 2020 17:06:11 GMT+0530 (India Standard Time): POST  /login
Wed Sep 23 2020 17:06:11 GMT+0530 (India Standard Time): GET  /generateCode
Wed Sep 23 2020 17:06:13 GMT+0530 (India Standard Time): GET  /logout
Wed Sep 23 2020 17:06:18 GMT+0530 (India Standard Time): GET  /generateCode
Wed Sep 23 2020 17:06:40 GMT+0530 (India Standard Time): POST  /login
Wed Sep 23 2020 17:06:40 GMT+0530 (India Standard Time): GET  /generateCode
Wed Sep 23 2020 17:06:49 GMT+0530 (India Standard Time): GET  /logout
Wed Sep 23 2020 17:06:55 GMT+0530 (India Standard Time): GET  /gee
Wed Sep 23 2020 17:07:00 GMT+0530 (India Standard Time): GET  /generateCode
Wed Sep 23 2020 17:15:10 GMT+0530 (India Standard Time): GET  /generateCode
Wed Sep 23 2020 17:15:16 GMT+0530 (India Standard Time): POST  /login
Wed Sep 23 2020 17:15:16 GMT+0530 (India Standard Time): GET  /generateCode
Wed Sep 23 2020 17:15:18 GMT+0530 (India Standard Time): GET  /generateCode
Wed Sep 23 2020 17:15:19 GMT+0530 (India Standard Time): GET  /generateCode
Wed Sep 23 2020 17:15:20 GMT+0530 (India Standard Time): GET  /generateCode
Wed Sep 23 2020 17:15:21 GMT+0530 (India Standard Time): GET  /generateCode
Wed Sep 23 2020 17:15:22 GMT+0530 (India Standard Time): GET  /generateCode
Wed Sep 23 2020 17:15:25 GMT+0530 (India Standard Time): GET  /generateCode
Wed Sep 23 2020 17:15:26 GMT+0530 (India Standard Time): GET  /generateCode
Wed Sep 23 2020 17:15:27 GMT+0530 (India Standard Time): GET  /generateCode
Wed Sep 23 2020 17:15:28 GMT+0530 (India Standard Time): GET  /generateCode
Wed Sep 23 2020 17:15:29 GMT+0530 (India Standard Time): GET  /generateCode
Wed Sep 23 2020 17:15:29 GMT+0530 (India Standard Time): GET  /generateCode
Wed Sep 23 2020 17:15:30 GMT+0530 (India Standard Time): GET  /generateCode
Wed Sep 23 2020 17:15:32 GMT+0530 (India Standard Time): GET  /generateCode
Wed Sep 23 2020 17:15:33 GMT+0530 (India Standard Time): GET  /generateCode
Wed Sep 23 2020 17:15:33 GMT+0530 (India Standard Time): GET  /generateCode
Wed Sep 23 2020 17:15:34 GMT+0530 (India Standard Time): GET  /generateCode
Wed Sep 23 2020 17:15:35 GMT+0530 (India Standard Time): GET  /generateCode
Wed Sep 23 2020 17:15:36 GMT+0530 (India Standard Time): GET  /generateCode
Wed Sep 23 2020 17:15:37 GMT+0530 (India Standard Time): GET  /generateCode
Wed Sep 23 2020 17:15:38 GMT+0530 (India Standard Time): GET  /generateCode
Wed Sep 23 2020 17:15:53 GMT+0530 (India Standard Time): GET  /generateCode
Wed Sep 23 2020 17:15:58 GMT+0530 (India Standard Time): POST  /login
Wed Sep 23 2020 17:15:58 GMT+0530 (India Standard Time): GET  /generateCode
Wed Sep 23 2020 17:17:29 GMT+0530 (India Standard Time): POST  /login
Wed Sep 23 2020 17:17:29 GMT+0530 (India Standard Time): GET  /generateCode
Wed Sep 23 2020 17:17:31 GMT+0530 (India Standard Time): GET  /generateCode
Wed Sep 23 2020 17:17:32 GMT+0530 (India Standard Time): GET  /generateCode
Wed Sep 23 2020 17:17:33 GMT+0530 (India Standard Time): GET  /generateCode
Wed Sep 23 2020 17:17:35 GMT+0530 (India Standard Time): GET  /generateCode
Wed Sep 23 2020 17:17:36 GMT+0530 (India Standard Time): GET  /generateCode
Wed Sep 23 2020 17:17:37 GMT+0530 (India Standard Time): GET  /generateCode
Wed Sep 23 2020 17:17:38 GMT+0530 (India Standard Time): GET  /generateCode
Wed Sep 23 2020 17:17:39 GMT+0530 (India Standard Time): GET  /generateCode
Wed Sep 23 2020 17:17:40 GMT+0530 (India Standard Time): GET  /generateCode
Wed Sep 23 2020 17:17:41 GMT+0530 (India Standard Time): GET  /generateCode
Wed Sep 23 2020 17:17:41 GMT+0530 (India Standard Time): GET  /generateCode
Wed Sep 23 2020 17:17:42 GMT+0530 (India Standard Time): GET  /generateCode
Wed Sep 23 2020 17:17:43 GMT+0530 (India Standard Time): GET  /generateCode
Wed Sep 23 2020 17:17:44 GMT+0530 (India Standard Time): GET  /generateCode
Wed Sep 23 2020 17:17:45 GMT+0530 (India Standard Time): GET  /generateCode
Wed Sep 23 2020 17:17:46 GMT+0530 (India Standard Time): GET  /generateCode
Wed Sep 23 2020 17:17:47 GMT+0530 (India Standard Time): GET  /generateCode
Wed Sep 23 2020 17:17:48 GMT+0530 (India Standard Time): GET  /generateCode
Wed Sep 23 2020 17:17:49 GMT+0530 (India Standard Time): GET  /generateCode
Wed Sep 23 2020 17:17:50 GMT+0530 (India Standard Time): GET  /generateCode
Wed Sep 23 2020 17:17:51 GMT+0530 (India Standard Time): GET  /generateCode
Wed Sep 23 2020 17:17:54 GMT+0530 (India Standard Time): GET  /generateCode
Wed Sep 23 2020 17:17:55 GMT+0530 (India Standard Time): GET  /generateCode
Wed Sep 23 2020 17:17:56 GMT+0530 (India Standard Time): GET  /generateCode
Wed Sep 23 2020 17:17:58 GMT+0530 (India Standard Time): GET  /generateCode
Wed Sep 23 2020 17:17:59 GMT+0530 (India Standard Time): GET  /generateCode
Wed Sep 23 2020 17:18:02 GMT+0530 (India Standard Time): GET  /generateCode
Wed Sep 23 2020 17:18:03 GMT+0530 (India Standard Time): GET  /generateCode
Wed Sep 23 2020 17:18:04 GMT+0530 (India Standard Time): GET  /generateCode
Wed Sep 23 2020 17:18:05 GMT+0530 (India Standard Time): GET  /generateCode
Wed Sep 23 2020 17:18:05 GMT+0530 (India Standard Time): GET  /generateCode
Wed Sep 23 2020 17:18:05 GMT+0530 (India Standard Time): GET  /generateCode
Wed Sep 23 2020 17:18:05 GMT+0530 (India Standard Time): GET  /generateCode
Wed Sep 23 2020 17:18:06 GMT+0530 (India Standard Time): GET  /logout
Wed Sep 23 2020 17:18:13 GMT+0530 (India Standard Time): POST  /login
Wed Sep 23 2020 17:18:13 GMT+0530 (India Standard Time): GET  /generateCode
Wed Sep 23 2020 17:18:43 GMT+0530 (India Standard Time): GET  /generateCode
Wed Sep 23 2020 17:18:49 GMT+0530 (India Standard Time): POST  /login
Wed Sep 23 2020 17:18:49 GMT+0530 (India Standard Time): GET  /generateCode
Wed Sep 23 2020 17:19:06 GMT+0530 (India Standard Time): GET  /generateCode
Wed Sep 23 2020 17:19:14 GMT+0530 (India Standard Time): POST  /login
Wed Sep 23 2020 17:19:14 GMT+0530 (India Standard Time): GET  /generateCode
Wed Sep 23 2020 17:19:29 GMT+0530 (India Standard Time): GET  /generateCode
Wed Sep 23 2020 17:19:35 GMT+0530 (India Standard Time): POST  /login
Wed Sep 23 2020 17:19:35 GMT+0530 (India Standard Time): GET  /generateCode
Wed Sep 23 2020 17:19:37 GMT+0530 (India Standard Time): GET  /generateCode
Wed Sep 23 2020 17:19:38 GMT+0530 (India Standard Time): GET  /generateCode
Wed Sep 23 2020 17:19:39 GMT+0530 (India Standard Time): GET  /generateCode
Wed Sep 23 2020 17:19:54 GMT+0530 (India Standard Time): GET  /generateCode
Wed Sep 23 2020 17:20:03 GMT+0530 (India Standard Time): POST  /login
Wed Sep 23 2020 17:20:03 GMT+0530 (India Standard Time): GET  /generateCode
Wed Sep 23 2020 17:20:05 GMT+0530 (India Standard Time): GET  /generateCode
Wed Sep 23 2020 17:20:49 GMT+0530 (India Standard Time): GET  /generateCode
Wed Sep 23 2020 17:20:54 GMT+0530 (India Standard Time): POST  /login
Wed Sep 23 2020 17:20:54 GMT+0530 (India Standard Time): GET  /generateCode
Wed Sep 23 2020 17:21:20 GMT+0530 (India Standard Time): GET  /generateCode
Wed Sep 23 2020 17:21:25 GMT+0530 (India Standard Time): POST  /login
Wed Sep 23 2020 17:21:25 GMT+0530 (India Standard Time): GET  /generateCode
Wed Sep 23 2020 17:21:27 GMT+0530 (India Standard Time): GET  /generateCode
Wed Sep 23 2020 17:21:29 GMT+0530 (India Standard Time): GET  /generateCode
Wed Sep 23 2020 17:21:29 GMT+0530 (India Standard Time): GET  /generateCode
Wed Sep 23 2020 17:21:30 GMT+0530 (India Standard Time): GET  /generateCode
Wed Sep 23 2020 17:21:31 GMT+0530 (India Standard Time): GET  /generateCode
Wed Sep 23 2020 17:21:37 GMT+0530 (India Standard Time): GET  /generateCode
Wed Sep 23 2020 17:21:43 GMT+0530 (India Standard Time): POST  /login
Wed Sep 23 2020 17:21:43 GMT+0530 (India Standard Time): GET  /generateCode
Wed Sep 23 2020 17:21:56 GMT+0530 (India Standard Time): GET  /generateCode
Wed Sep 23 2020 17:22:02 GMT+0530 (India Standard Time): POST  /login
Wed Sep 23 2020 17:22:02 GMT+0530 (India Standard Time): GET  /generateCode
Wed Sep 23 2020 17:22:37 GMT+0530 (India Standard Time): GET  /generateCode
Wed Sep 23 2020 17:22:44 GMT+0530 (India Standard Time): POST  /login
Wed Sep 23 2020 17:22:44 GMT+0530 (India Standard Time): GET  /generateCode
Wed Sep 23 2020 17:22:56 GMT+0530 (India Standard Time): GET  /generateCode
Wed Sep 23 2020 17:23:02 GMT+0530 (India Standard Time): POST  /login
Wed Sep 23 2020 17:23:02 GMT+0530 (India Standard Time): GET  /generateCode
Wed Sep 23 2020 17:24:19 GMT+0530 (India Standard Time): GET  /generateCode
Wed Sep 23 2020 17:24:22 GMT+0530 (India Standard Time): POST  /login
Wed Sep 23 2020 17:24:28 GMT+0530 (India Standard Time): POST  /login
Wed Sep 23 2020 17:24:28 GMT+0530 (India Standard Time): GET  /generateCode
Wed Sep 23 2020 17:24:30 GMT+0530 (India Standard Time): GET  /generateCode
Wed Sep 23 2020 17:24:30 GMT+0530 (India Standard Time): GET  /generateCode
Wed Sep 23 2020 17:24:31 GMT+0530 (India Standard Time): GET  /generateCode
Wed Sep 23 2020 17:24:32 GMT+0530 (India Standard Time): GET  /generateCode
Wed Sep 23 2020 17:24:32 GMT+0530 (India Standard Time): GET  /generateCode
Wed Sep 23 2020 17:24:33 GMT+0530 (India Standard Time): GET  /generateCode
Wed Sep 23 2020 17:24:34 GMT+0530 (India Standard Time): GET  /generateCode
Wed Sep 23 2020 17:24:34 GMT+0530 (India Standard Time): GET  /generateCode
Wed Sep 23 2020 17:24:35 GMT+0530 (India Standard Time): GET  /generateCode
Wed Sep 23 2020 17:24:35 GMT+0530 (India Standard Time): GET  /generateCode
Wed Sep 23 2020 17:24:36 GMT+0530 (India Standard Time): GET  /generateCode
Wed Sep 23 2020 17:24:36 GMT+0530 (India Standard Time): GET  /generateCode
Wed Sep 23 2020 17:24:37 GMT+0530 (India Standard Time): GET  /generateCode
Wed Sep 23 2020 17:24:37 GMT+0530 (India Standard Time): GET  /generateCode
Wed Sep 23 2020 17:24:38 GMT+0530 (India Standard Time): GET  /generateCode
Wed Sep 23 2020 17:24:39 GMT+0530 (India Standard Time): GET  /generateCode
Wed Sep 23 2020 17:24:39 GMT+0530 (India Standard Time): GET  /generateCode
Wed Sep 23 2020 17:24:40 GMT+0530 (India Standard Time): GET  /generateCode
Wed Sep 23 2020 17:24:40 GMT+0530 (India Standard Time): GET  /generateCode
Wed Sep 23 2020 17:24:41 GMT+0530 (India Standard Time): GET  /generateCode
Wed Sep 23 2020 17:24:44 GMT+0530 (India Standard Time): GET  /generateCode
Wed Sep 23 2020 17:24:45 GMT+0530 (India Standard Time): GET  /generateCode
Wed Sep 23 2020 17:24:45 GMT+0530 (India Standard Time): GET  /generateCode
Wed Sep 23 2020 17:24:46 GMT+0530 (India Standard Time): GET  /generateCode
Wed Sep 23 2020 17:25:00 GMT+0530 (India Standard Time): GET  /generateCode
Wed Sep 23 2020 17:25:01 GMT+0530 (India Standard Time): GET  /generateCode
Wed Sep 23 2020 17:25:01 GMT+0530 (India Standard Time): GET  /generateCode
Wed Sep 23 2020 17:25:02 GMT+0530 (India Standard Time): GET  /generateCode
Wed Sep 23 2020 17:25:05 GMT+0530 (India Standard Time): GET  /generateCode
Wed Sep 23 2020 17:25:06 GMT+0530 (India Standard Time): GET  /generateCode
Wed Sep 23 2020 17:25:06 GMT+0530 (India Standard Time): GET  /generateCode
Wed Sep 23 2020 17:25:07 GMT+0530 (India Standard Time): GET  /generateCode
Wed Sep 23 2020 17:25:07 GMT+0530 (India Standard Time): GET  /generateCode
Wed Sep 23 2020 17:25:08 GMT+0530 (India Standard Time): GET  /generateCode
Wed Sep 23 2020 17:25:08 GMT+0530 (India Standard Time): GET  /generateCode
Wed Sep 23 2020 17:25:09 GMT+0530 (India Standard Time): GET  /generateCode
Wed Sep 23 2020 17:25:11 GMT+0530 (India Standard Time): GET  /generateCode
Wed Sep 23 2020 17:25:12 GMT+0530 (India Standard Time): GET  /generateCode
Wed Sep 23 2020 17:25:12 GMT+0530 (India Standard Time): GET  /generateCode
Wed Sep 23 2020 17:25:13 GMT+0530 (India Standard Time): GET  /generateCode
Wed Sep 23 2020 17:25:13 GMT+0530 (India Standard Time): GET  /generateCode
Wed Sep 23 2020 17:25:14 GMT+0530 (India Standard Time): GET  /generateCode
Wed Sep 23 2020 17:25:14 GMT+0530 (India Standard Time): GET  /generateCode
Wed Sep 23 2020 17:25:16 GMT+0530 (India Standard Time): GET  /generateCode
Wed Sep 23 2020 17:25:16 GMT+0530 (India Standard Time): GET  /generateCode
Wed Sep 23 2020 17:25:17 GMT+0530 (India Standard Time): GET  /generateCode
Wed Sep 23 2020 17:25:17 GMT+0530 (India Standard Time): GET  /generateCode
Wed Sep 23 2020 17:25:18 GMT+0530 (India Standard Time): GET  /generateCode
Wed Sep 23 2020 17:26:10 GMT+0530 (India Standard Time): GET  /generateCode
Wed Sep 23 2020 17:26:13 GMT+0530 (India Standard Time): GET  /generateCode
Wed Sep 23 2020 17:32:34 GMT+0530 (India Standard Time): GET  /generateCode
Wed Sep 23 2020 17:32:40 GMT+0530 (India Standard Time): POST  /login
Wed Sep 23 2020 17:32:40 GMT+0530 (India Standard Time): GET  /generateCode
Wed Sep 23 2020 17:32:42 GMT+0530 (India Standard Time): GET  /generateCode
Wed Sep 23 2020 17:32:43 GMT+0530 (India Standard Time): GET  /generateCode
Wed Sep 23 2020 17:32:43 GMT+0530 (India Standard Time): GET  /generateCode
Wed Sep 23 2020 17:33:43 GMT+0530 (India Standard Time): GET  /generateCode
Wed Sep 23 2020 17:33:50 GMT+0530 (India Standard Time): POST  /login
Wed Sep 23 2020 17:33:50 GMT+0530 (India Standard Time): GET  /generateCode
Wed Sep 23 2020 17:33:54 GMT+0530 (India Standard Time): GET  /generateCode
Wed Sep 23 2020 17:33:54 GMT+0530 (India Standard Time): GET  /generateCode
Wed Sep 23 2020 17:33:54 GMT+0530 (India Standard Time): GET  /generateCode
Wed Sep 23 2020 17:33:54 GMT+0530 (India Standard Time): GET  /generateCode
Wed Sep 23 2020 17:33:54 GMT+0530 (India Standard Time): GET  /generateCode
Wed Sep 23 2020 17:33:55 GMT+0530 (India Standard Time): GET  /generateCode
Wed Sep 23 2020 17:33:56 GMT+0530 (India Standard Time): GET  /generateCode
Wed Sep 23 2020 18:40:57 GMT+0530 (India Standard Time): GET  /generateCode
Wed Sep 23 2020 18:41:04 GMT+0530 (India Standard Time): POST  /login
Wed Sep 23 2020 18:41:04 GMT+0530 (India Standard Time): GET  /generateCode
Wed Sep 23 2020 18:41:06 GMT+0530 (India Standard Time): GET  /generateCode
Wed Sep 23 2020 18:41:07 GMT+0530 (India Standard Time): GET  /generateCode
Wed Sep 23 2020 18:41:20 GMT+0530 (India Standard Time): GET  /generateCode
Wed Sep 23 2020 18:41:26 GMT+0530 (India Standard Time): POST  /login
Wed Sep 23 2020 18:41:26 GMT+0530 (India Standard Time): GET  /generateCode
Wed Sep 23 2020 18:41:28 GMT+0530 (India Standard Time): GET  /generateCode
Wed Sep 23 2020 18:41:28 GMT+0530 (India Standard Time): GET  /generateCode
Wed Sep 23 2020 18:41:37 GMT+0530 (India Standard Time): GET  /send-history
Wed Sep 23 2020 18:48:06 GMT+0530 (India Standard Time): GET  /generateCode
Wed Sep 23 2020 18:48:17 GMT+0530 (India Standard Time): GET  /send-history
Wed Sep 23 2020 18:49:41 GMT+0530 (India Standard Time): GET  /send-history
Wed Sep 23 2020 18:49:43 GMT+0530 (India Standard Time): GET  /send-history
Wed Sep 23 2020 18:49:44 GMT+0530 (India Standard Time): GET  /send-history
Wed Sep 23 2020 18:49:45 GMT+0530 (India Standard Time): GET  /send-history
Wed Sep 23 2020 18:50:13 GMT+0530 (India Standard Time): GET  /send-history
Wed Sep 23 2020 18:50:15 GMT+0530 (India Standard Time): GET  /send-history
Wed Sep 23 2020 18:50:16 GMT+0530 (India Standard Time): GET  /send-history
Wed Sep 23 2020 18:59:39 GMT+0530 (India Standard Time): GET  /send-history
Wed Sep 23 2020 18:59:52 GMT+0530 (India Standard Time): POST  /login
Wed Sep 23 2020 18:59:52 GMT+0530 (India Standard Time): GET  /generateCode
Wed Sep 23 2020 18:59:54 GMT+0530 (India Standard Time): GET  /generateCode
Wed Sep 23 2020 18:59:54 GMT+0530 (India Standard Time): GET  /generateCode
Wed Sep 23 2020 19:00:00 GMT+0530 (India Standard Time): GET  /generateCode
Wed Sep 23 2020 19:00:01 GMT+0530 (India Standard Time): GET  /generateCode
Wed Sep 23 2020 19:01:08 GMT+0530 (India Standard Time): POST  /send-history
Wed Sep 23 2020 19:01:20 GMT+0530 (India Standard Time): POST  /send-history
Wed Sep 23 2020 19:01:27 GMT+0530 (India Standard Time): POST  /send-history
Wed Sep 23 2020 19:16:42 GMT+0530 (India Standard Time): POST  /sendHistory
Wed Sep 23 2020 19:16:51 GMT+0530 (India Standard Time): GET  /generateCode
Wed Sep 23 2020 19:16:57 GMT+0530 (India Standard Time): POST  /login
Wed Sep 23 2020 19:16:57 GMT+0530 (India Standard Time): GET  /generateCode
Wed Sep 23 2020 19:16:59 GMT+0530 (India Standard Time): GET  /generateCode
Wed Sep 23 2020 19:17:00 GMT+0530 (India Standard Time): GET  /generateCode
Wed Sep 23 2020 19:17:00 GMT+0530 (India Standard Time): GET  /generateCode
Wed Sep 23 2020 19:17:00 GMT+0530 (India Standard Time): GET  /generateCode
Wed Sep 23 2020 19:17:01 GMT+0530 (India Standard Time): GET  /generateCode
Wed Sep 23 2020 19:17:01 GMT+0530 (India Standard Time): GET  /generateCode
Wed Sep 23 2020 19:17:01 GMT+0530 (India Standard Time): GET  /generateCode
Wed Sep 23 2020 19:17:01 GMT+0530 (India Standard Time): GET  /generateCode
Wed Sep 23 2020 19:17:01 GMT+0530 (India Standard Time): GET  /generateCode
Wed Sep 23 2020 19:17:02 GMT+0530 (India Standard Time): GET  /generateCode
Wed Sep 23 2020 19:17:02 GMT+0530 (India Standard Time): GET  /generateCode
Wed Sep 23 2020 19:17:02 GMT+0530 (India Standard Time): GET  /generateCode
Wed Sep 23 2020 19:17:02 GMT+0530 (India Standard Time): GET  /generateCode
Wed Sep 23 2020 19:17:03 GMT+0530 (India Standard Time): GET  /generateCode
Wed Sep 23 2020 19:17:03 GMT+0530 (India Standard Time): GET  /generateCode
Wed Sep 23 2020 19:17:03 GMT+0530 (India Standard Time): GET  /generateCode
Wed Sep 23 2020 19:17:07 GMT+0530 (India Standard Time): POST  /sendHistory
Wed Sep 23 2020 19:25:37 GMT+0530 (India Standard Time): POST  /sendHistory
Wed Sep 23 2020 19:25:49 GMT+0530 (India Standard Time): GET  /generateCode
Wed Sep 23 2020 19:25:55 GMT+0530 (India Standard Time): POST  /login
Wed Sep 23 2020 19:25:55 GMT+0530 (India Standard Time): GET  /generateCode
Wed Sep 23 2020 19:25:57 GMT+0530 (India Standard Time): GET  /generateCode
Wed Sep 23 2020 19:25:57 GMT+0530 (India Standard Time): GET  /generateCode
Wed Sep 23 2020 19:25:58 GMT+0530 (India Standard Time): GET  /generateCode
Wed Sep 23 2020 19:25:58 GMT+0530 (India Standard Time): GET  /generateCode
Wed Sep 23 2020 19:25:59 GMT+0530 (India Standard Time): GET  /generateCode
Wed Sep 23 2020 19:26:04 GMT+0530 (India Standard Time): POST  /sendHistory
Wed Sep 23 2020 19:26:52 GMT+0530 (India Standard Time): GET  /generateCode
Wed Sep 23 2020 19:26:57 GMT+0530 (India Standard Time): POST  /login
Wed Sep 23 2020 19:26:57 GMT+0530 (India Standard Time): GET  /generateCode
Wed Sep 23 2020 19:26:59 GMT+0530 (India Standard Time): GET  /generateCode
Wed Sep 23 2020 19:27:00 GMT+0530 (India Standard Time): GET  /generateCode
Wed Sep 23 2020 19:27:00 GMT+0530 (India Standard Time): GET  /generateCode
Wed Sep 23 2020 19:27:01 GMT+0530 (India Standard Time): GET  /generateCode
Wed Sep 23 2020 19:27:01 GMT+0530 (India Standard Time): GET  /generateCode
Wed Sep 23 2020 19:27:01 GMT+0530 (India Standard Time): GET  /generateCode
Wed Sep 23 2020 19:27:02 GMT+0530 (India Standard Time): GET  /generateCode
Wed Sep 23 2020 19:27:02 GMT+0530 (India Standard Time): GET  /generateCode
Wed Sep 23 2020 19:27:03 GMT+0530 (India Standard Time): GET  /generateCode
Wed Sep 23 2020 19:27:06 GMT+0530 (India Standard Time): POST  /sendHistory
Wed Sep 23 2020 19:27:07 GMT+0530 (India Standard Time): POST  /sendHistory
Wed Sep 23 2020 19:27:09 GMT+0530 (India Standard Time): POST  /sendHistory
Wed Sep 23 2020 19:27:10 GMT+0530 (India Standard Time): POST  /sendHistory
Wed Sep 23 2020 19:27:11 GMT+0530 (India Standard Time): POST  /sendHistory
Wed Sep 23 2020 19:27:12 GMT+0530 (India Standard Time): POST  /sendHistory
Wed Sep 23 2020 19:27:42 GMT+0530 (India Standard Time): POST  /sendHistory
Wed Sep 23 2020 19:27:43 GMT+0530 (India Standard Time): POST  /sendHistory
Wed Sep 23 2020 19:27:44 GMT+0530 (India Standard Time): POST  /sendHistory
Wed Sep 23 2020 19:27:47 GMT+0530 (India Standard Time): GET  /generateCode
Wed Sep 23 2020 19:28:02 GMT+0530 (India Standard Time): POST  /sendHistory
Wed Sep 23 2020 19:28:03 GMT+0530 (India Standard Time): POST  /sendHistory
Wed Sep 23 2020 22:54:09 GMT+0530 (India Standard Time): POST  /receivekeys
Wed Sep 23 2020 22:56:06 GMT+0530 (India Standard Time): POST  /receivekeys
Wed Sep 23 2020 22:56:07 GMT+0530 (India Standard Time): POST  /receivekeys
Wed Sep 23 2020 22:56:31 GMT+0530 (India Standard Time): POST  /receivekeys
Wed Sep 23 2020 22:57:12 GMT+0530 (India Standard Time): POST  /receivekeys
Wed Sep 23 2020 22:57:28 GMT+0530 (India Standard Time): POST  /receivekeys
Wed Sep 23 2020 22:57:43 GMT+0530 (India Standard Time): POST  /receivekeys
Wed Sep 23 2020 22:57:55 GMT+0530 (India Standard Time): POST  /receivekeys
Wed Sep 23 2020 22:58:27 GMT+0530 (India Standard Time): POST  /receivekeys
Wed Sep 23 2020 23:01:56 GMT+0530 (India Standard Time): POST  /receivekeys
Wed Sep 23 2020 23:02:19 GMT+0530 (India Standard Time): POST  /receivekeys
Wed Sep 23 2020 23:11:03 GMT+0530 (India Standard Time): POST  /receivekeys
Wed Sep 23 2020 23:11:29 GMT+0530 (India Standard Time): POST  /receivekeys
Wed Sep 23 2020 23:11:50 GMT+0530 (India Standard Time): POST  /receivekeys
Wed Sep 23 2020 23:12:06 GMT+0530 (India Standard Time): POST  /receivekeys
Wed Sep 23 2020 23:12:39 GMT+0530 (India Standard Time): POST  /receivekeys
Wed Sep 23 2020 23:13:17 GMT+0530 (India Standard Time): POST  /receivekeys
Wed Sep 23 2020 23:15:18 GMT+0530 (India Standard Time): POST  /receivekeys
Wed Sep 23 2020 23:17:24 GMT+0530 (India Standard Time): POST  /receivekeys
Wed Sep 23 2020 23:17:43 GMT+0530 (India Standard Time): POST  /receivekeys
Wed Sep 23 2020 23:17:56 GMT+0530 (India Standard Time): POST  /receivekeys
Wed Sep 23 2020 23:21:11 GMT+0530 (India Standard Time): POST  /receivekeys
Wed Sep 23 2020 23:21:50 GMT+0530 (India Standard Time): POST  /receivekeys
Wed Sep 23 2020 23:21:51 GMT+0530 (India Standard Time): POST  /receivekeys
Wed Sep 23 2020 23:23:13 GMT+0530 (India Standard Time): POST  /receivekeys
Wed Sep 23 2020 23:23:35 GMT+0530 (India Standard Time): POST  /receivekeys
Wed Sep 23 2020 23:23:59 GMT+0530 (India Standard Time): POST  /receivekeys
Wed Sep 23 2020 23:24:20 GMT+0530 (India Standard Time): POST  /receivekeys
Wed Sep 23 2020 23:24:28 GMT+0530 (India Standard Time): POST  /receivekeys
Wed Sep 23 2020 23:24:38 GMT+0530 (India Standard Time): POST  /receivekeys
Wed Sep 23 2020 23:24:44 GMT+0530 (India Standard Time): POST  /receivekeys
Wed Sep 23 2020 23:24:46 GMT+0530 (India Standard Time): POST  /receivekeys
Wed Sep 23 2020 23:24:52 GMT+0530 (India Standard Time): POST  /receivekeys
Wed Sep 23 2020 23:25:00 GMT+0530 (India Standard Time): POST  /receivekeys
Wed Sep 23 2020 23:25:11 GMT+0530 (India Standard Time): POST  /receivekeys
Wed Sep 23 2020 23:25:50 GMT+0530 (India Standard Time): POST  /receivekeys
Wed Sep 23 2020 23:25:54 GMT+0530 (India Standard Time): POST  /receivekeys
Wed Sep 23 2020 23:26:03 GMT+0530 (India Standard Time): POST  /receivekeys
Wed Sep 23 2020 23:27:31 GMT+0530 (India Standard Time): POST  /receivekeys
